2025-02-06 20:54:15,479 - app - DEBUG - Logging is configured. [in /mnt/c/Users/cyxy2/dev/PythonProgram/shennong_proj/app/__init__.py:15]
2025-02-06 20:54:15,536 - sqlalchemy.engine.Engine - INFO - select pg_catalog.version() [in /home/crasleepish/miniconda3/envs/invest/lib/python3.10/site-packages/sqlalchemy/engine/base.py:1896]
2025-02-06 20:54:15,536 - sqlalchemy.engine.Engine - INFO - [raw sql] {} [in /home/crasleepish/miniconda3/envs/invest/lib/python3.10/site-packages/sqlalchemy/engine/base.py:1901]
2025-02-06 20:54:15,538 - sqlalchemy.engine.Engine - INFO - select current_schema() [in /home/crasleepish/miniconda3/envs/invest/lib/python3.10/site-packages/sqlalchemy/engine/base.py:1896]
2025-02-06 20:54:15,538 - sqlalchemy.engine.Engine - INFO - [raw sql] {} [in /home/crasleepish/miniconda3/envs/invest/lib/python3.10/site-packages/sqlalchemy/engine/base.py:1901]
2025-02-06 20:54:15,540 - sqlalchemy.engine.Engine - INFO - show standard_conforming_strings [in /home/crasleepish/miniconda3/envs/invest/lib/python3.10/site-packages/sqlalchemy/engine/base.py:1896]
2025-02-06 20:54:15,540 - sqlalchemy.engine.Engine - INFO - [raw sql] {} [in /home/crasleepish/miniconda3/envs/invest/lib/python3.10/site-packages/sqlalchemy/engine/base.py:1901]
2025-02-06 20:54:15,541 - sqlalchemy.engine.Engine - INFO - BEGIN (implicit) [in /home/crasleepish/miniconda3/envs/invest/lib/python3.10/site-packages/sqlalchemy/engine/base.py:1097]
2025-02-06 20:54:15,543 - sqlalchemy.engine.Engine - INFO - SELECT pg_catalog.pg_class.relname 
FROM pg_catalog.pg_class JOIN pg_catalog.pg_namespace ON pg_catalog.pg_namespace.oid = pg_catalog.pg_class.relnamespace 
WHERE pg_catalog.pg_class.relname = %(table_name)s AND pg_catalog.pg_class.relkind = ANY (ARRAY[%(param_1)s, %(param_2)s, %(param_3)s, %(param_4)s, %(param_5)s]) AND pg_catalog.pg_table_is_visible(pg_catalog.pg_class.oid) AND pg_catalog.pg_namespace.nspname != %(nspname_1)s [in /home/crasleepish/miniconda3/envs/invest/lib/python3.10/site-packages/sqlalchemy/engine/base.py:1896]
2025-02-06 20:54:15,544 - sqlalchemy.engine.Engine - INFO - [generated in 0.00027s] {'table_name': 'users', 'param_1': 'r', 'param_2': 'p', 'param_3': 'f', 'param_4': 'v', 'param_5': 'm', 'nspname_1': 'pg_catalog'} [in /home/crasleepish/miniconda3/envs/invest/lib/python3.10/site-packages/sqlalchemy/engine/base.py:1901]
2025-02-06 20:54:15,546 - sqlalchemy.engine.Engine - INFO - COMMIT [in /home/crasleepish/miniconda3/envs/invest/lib/python3.10/site-packages/sqlalchemy/engine/base.py:1140]
2025-02-06 20:54:15,566 - werkzeug - INFO - [31m[1mWARNING: This is a development server. Do not use it in a production deployment. Use a production WSGI server instead.[0m
 * Running on http://127.0.0.1:5000 [in /home/crasleepish/miniconda3/envs/invest/lib/python3.10/site-packages/werkzeug/_internal.py:97]
2025-02-06 20:54:15,567 - werkzeug - INFO - [33mPress CTRL+C to quit[0m [in /home/crasleepish/miniconda3/envs/invest/lib/python3.10/site-packages/werkzeug/_internal.py:97]
2025-02-06 20:54:15,567 - werkzeug - INFO -  * Restarting with stat [in /home/crasleepish/miniconda3/envs/invest/lib/python3.10/site-packages/werkzeug/_internal.py:97]
2025-02-06 20:54:15,789 - app - DEBUG - Logging is configured. [in /mnt/c/Users/cyxy2/dev/PythonProgram/shennong_proj/app/__init__.py:15]
2025-02-06 20:54:15,822 - sqlalchemy.engine.Engine - INFO - select pg_catalog.version() [in /home/crasleepish/miniconda3/envs/invest/lib/python3.10/site-packages/sqlalchemy/engine/base.py:1896]
2025-02-06 20:54:15,823 - sqlalchemy.engine.Engine - INFO - [raw sql] {} [in /home/crasleepish/miniconda3/envs/invest/lib/python3.10/site-packages/sqlalchemy/engine/base.py:1901]
2025-02-06 20:54:15,824 - sqlalchemy.engine.Engine - INFO - select current_schema() [in /home/crasleepish/miniconda3/envs/invest/lib/python3.10/site-packages/sqlalchemy/engine/base.py:1896]
2025-02-06 20:54:15,824 - sqlalchemy.engine.Engine - INFO - [raw sql] {} [in /home/crasleepish/miniconda3/envs/invest/lib/python3.10/site-packages/sqlalchemy/engine/base.py:1901]
2025-02-06 20:54:15,826 - sqlalchemy.engine.Engine - INFO - show standard_conforming_strings [in /home/crasleepish/miniconda3/envs/invest/lib/python3.10/site-packages/sqlalchemy/engine/base.py:1896]
2025-02-06 20:54:15,826 - sqlalchemy.engine.Engine - INFO - [raw sql] {} [in /home/crasleepish/miniconda3/envs/invest/lib/python3.10/site-packages/sqlalchemy/engine/base.py:1901]
2025-02-06 20:54:15,827 - sqlalchemy.engine.Engine - INFO - BEGIN (implicit) [in /home/crasleepish/miniconda3/envs/invest/lib/python3.10/site-packages/sqlalchemy/engine/base.py:1097]
2025-02-06 20:54:15,829 - sqlalchemy.engine.Engine - INFO - SELECT pg_catalog.pg_class.relname 
FROM pg_catalog.pg_class JOIN pg_catalog.pg_namespace ON pg_catalog.pg_namespace.oid = pg_catalog.pg_class.relnamespace 
WHERE pg_catalog.pg_class.relname = %(table_name)s AND pg_catalog.pg_class.relkind = ANY (ARRAY[%(param_1)s, %(param_2)s, %(param_3)s, %(param_4)s, %(param_5)s]) AND pg_catalog.pg_table_is_visible(pg_catalog.pg_class.oid) AND pg_catalog.pg_namespace.nspname != %(nspname_1)s [in /home/crasleepish/miniconda3/envs/invest/lib/python3.10/site-packages/sqlalchemy/engine/base.py:1896]
2025-02-06 20:54:15,830 - sqlalchemy.engine.Engine - INFO - [generated in 0.00026s] {'table_name': 'users', 'param_1': 'r', 'param_2': 'p', 'param_3': 'f', 'param_4': 'v', 'param_5': 'm', 'nspname_1': 'pg_catalog'} [in /home/crasleepish/miniconda3/envs/invest/lib/python3.10/site-packages/sqlalchemy/engine/base.py:1901]
2025-02-06 20:54:15,832 - sqlalchemy.engine.Engine - INFO - COMMIT [in /home/crasleepish/miniconda3/envs/invest/lib/python3.10/site-packages/sqlalchemy/engine/base.py:1140]
2025-02-06 20:54:15,841 - werkzeug - WARNING -  * Debugger is active! [in /home/crasleepish/miniconda3/envs/invest/lib/python3.10/site-packages/werkzeug/_internal.py:97]
2025-02-06 20:54:15,842 - werkzeug - INFO -  * Debugger PIN: 100-316-909 [in /home/crasleepish/miniconda3/envs/invest/lib/python3.10/site-packages/werkzeug/_internal.py:97]
2025-02-06 20:54:39,695 - app.routes - DEBUG - calling - /list [in /mnt/c/Users/cyxy2/dev/PythonProgram/shennong_proj/app/routes.py:15]
2025-02-06 20:54:39,697 - sqlalchemy.engine.Engine - INFO - BEGIN (implicit) [in /home/crasleepish/miniconda3/envs/invest/lib/python3.10/site-packages/sqlalchemy/engine/base.py:1097]
2025-02-06 20:54:39,698 - sqlalchemy.engine.Engine - INFO - SELECT users.id AS users_id, users.username AS users_username, users.email AS users_email 
FROM users 
 LIMIT %(param_1)s OFFSET %(param_2)s [in /home/crasleepish/miniconda3/envs/invest/lib/python3.10/site-packages/sqlalchemy/engine/base.py:1896]
2025-02-06 20:54:39,698 - sqlalchemy.engine.Engine - INFO - [generated in 0.00056s] {'param_1': 100, 'param_2': 0} [in /home/crasleepish/miniconda3/envs/invest/lib/python3.10/site-packages/sqlalchemy/engine/base.py:1901]
2025-02-06 20:54:39,701 - sqlalchemy.engine.Engine - INFO - COMMIT [in /home/crasleepish/miniconda3/envs/invest/lib/python3.10/site-packages/sqlalchemy/engine/base.py:1140]
2025-02-06 20:54:39,703 - werkzeug - INFO - 127.0.0.1 - - [06/Feb/2025 20:54:39] "GET /users/list HTTP/1.1" 200 - [in /home/crasleepish/miniconda3/envs/invest/lib/python3.10/site-packages/werkzeug/_internal.py:97]
2025-02-06 20:58:42,097 - app - DEBUG - Logging is configured. [in /mnt/c/Users/cyxy2/dev/PythonProgram/shennong_proj/app/__init__.py:15]
2025-02-06 20:58:42,153 - sqlalchemy.engine.Engine - INFO - select pg_catalog.version() [in /home/crasleepish/miniconda3/envs/invest/lib/python3.10/site-packages/sqlalchemy/engine/base.py:1896]
2025-02-06 20:58:42,154 - sqlalchemy.engine.Engine - INFO - [raw sql] {} [in /home/crasleepish/miniconda3/envs/invest/lib/python3.10/site-packages/sqlalchemy/engine/base.py:1901]
2025-02-06 20:58:42,156 - sqlalchemy.engine.Engine - INFO - select current_schema() [in /home/crasleepish/miniconda3/envs/invest/lib/python3.10/site-packages/sqlalchemy/engine/base.py:1896]
2025-02-06 20:58:42,156 - sqlalchemy.engine.Engine - INFO - [raw sql] {} [in /home/crasleepish/miniconda3/envs/invest/lib/python3.10/site-packages/sqlalchemy/engine/base.py:1901]
2025-02-06 20:58:42,158 - sqlalchemy.engine.Engine - INFO - show standard_conforming_strings [in /home/crasleepish/miniconda3/envs/invest/lib/python3.10/site-packages/sqlalchemy/engine/base.py:1896]
2025-02-06 20:58:42,158 - sqlalchemy.engine.Engine - INFO - [raw sql] {} [in /home/crasleepish/miniconda3/envs/invest/lib/python3.10/site-packages/sqlalchemy/engine/base.py:1901]
2025-02-06 20:58:42,159 - sqlalchemy.engine.Engine - INFO - BEGIN (implicit) [in /home/crasleepish/miniconda3/envs/invest/lib/python3.10/site-packages/sqlalchemy/engine/base.py:1097]
2025-02-06 20:58:42,162 - sqlalchemy.engine.Engine - INFO - SELECT pg_catalog.pg_class.relname 
FROM pg_catalog.pg_class JOIN pg_catalog.pg_namespace ON pg_catalog.pg_namespace.oid = pg_catalog.pg_class.relnamespace 
WHERE pg_catalog.pg_class.relname = %(table_name)s AND pg_catalog.pg_class.relkind = ANY (ARRAY[%(param_1)s, %(param_2)s, %(param_3)s, %(param_4)s, %(param_5)s]) AND pg_catalog.pg_table_is_visible(pg_catalog.pg_class.oid) AND pg_catalog.pg_namespace.nspname != %(nspname_1)s [in /home/crasleepish/miniconda3/envs/invest/lib/python3.10/site-packages/sqlalchemy/engine/base.py:1896]
2025-02-06 20:58:42,162 - sqlalchemy.engine.Engine - INFO - [generated in 0.00029s] {'table_name': 'users', 'param_1': 'r', 'param_2': 'p', 'param_3': 'f', 'param_4': 'v', 'param_5': 'm', 'nspname_1': 'pg_catalog'} [in /home/crasleepish/miniconda3/envs/invest/lib/python3.10/site-packages/sqlalchemy/engine/base.py:1901]
2025-02-06 20:58:42,164 - sqlalchemy.engine.Engine - INFO - COMMIT [in /home/crasleepish/miniconda3/envs/invest/lib/python3.10/site-packages/sqlalchemy/engine/base.py:1140]
2025-02-06 20:58:42,181 - werkzeug - INFO - [31m[1mWARNING: This is a development server. Do not use it in a production deployment. Use a production WSGI server instead.[0m
 * Running on http://127.0.0.1:5000 [in /home/crasleepish/miniconda3/envs/invest/lib/python3.10/site-packages/werkzeug/_internal.py:97]
2025-02-06 20:58:42,181 - werkzeug - INFO - [33mPress CTRL+C to quit[0m [in /home/crasleepish/miniconda3/envs/invest/lib/python3.10/site-packages/werkzeug/_internal.py:97]
2025-02-06 20:58:42,182 - werkzeug - INFO -  * Restarting with stat [in /home/crasleepish/miniconda3/envs/invest/lib/python3.10/site-packages/werkzeug/_internal.py:97]
2025-02-06 20:58:42,401 - app - DEBUG - Logging is configured. [in /mnt/c/Users/cyxy2/dev/PythonProgram/shennong_proj/app/__init__.py:15]
2025-02-06 20:58:42,432 - sqlalchemy.engine.Engine - INFO - select pg_catalog.version() [in /home/crasleepish/miniconda3/envs/invest/lib/python3.10/site-packages/sqlalchemy/engine/base.py:1896]
2025-02-06 20:58:42,432 - sqlalchemy.engine.Engine - INFO - [raw sql] {} [in /home/crasleepish/miniconda3/envs/invest/lib/python3.10/site-packages/sqlalchemy/engine/base.py:1901]
2025-02-06 20:58:42,434 - sqlalchemy.engine.Engine - INFO - select current_schema() [in /home/crasleepish/miniconda3/envs/invest/lib/python3.10/site-packages/sqlalchemy/engine/base.py:1896]
2025-02-06 20:58:42,434 - sqlalchemy.engine.Engine - INFO - [raw sql] {} [in /home/crasleepish/miniconda3/envs/invest/lib/python3.10/site-packages/sqlalchemy/engine/base.py:1901]
2025-02-06 20:58:42,435 - sqlalchemy.engine.Engine - INFO - show standard_conforming_strings [in /home/crasleepish/miniconda3/envs/invest/lib/python3.10/site-packages/sqlalchemy/engine/base.py:1896]
2025-02-06 20:58:42,435 - sqlalchemy.engine.Engine - INFO - [raw sql] {} [in /home/crasleepish/miniconda3/envs/invest/lib/python3.10/site-packages/sqlalchemy/engine/base.py:1901]
2025-02-06 20:58:42,437 - sqlalchemy.engine.Engine - INFO - BEGIN (implicit) [in /home/crasleepish/miniconda3/envs/invest/lib/python3.10/site-packages/sqlalchemy/engine/base.py:1097]
2025-02-06 20:58:42,439 - sqlalchemy.engine.Engine - INFO - SELECT pg_catalog.pg_class.relname 
FROM pg_catalog.pg_class JOIN pg_catalog.pg_namespace ON pg_catalog.pg_namespace.oid = pg_catalog.pg_class.relnamespace 
WHERE pg_catalog.pg_class.relname = %(table_name)s AND pg_catalog.pg_class.relkind = ANY (ARRAY[%(param_1)s, %(param_2)s, %(param_3)s, %(param_4)s, %(param_5)s]) AND pg_catalog.pg_table_is_visible(pg_catalog.pg_class.oid) AND pg_catalog.pg_namespace.nspname != %(nspname_1)s [in /home/crasleepish/miniconda3/envs/invest/lib/python3.10/site-packages/sqlalchemy/engine/base.py:1896]
2025-02-06 20:58:42,439 - sqlalchemy.engine.Engine - INFO - [generated in 0.00028s] {'table_name': 'users', 'param_1': 'r', 'param_2': 'p', 'param_3': 'f', 'param_4': 'v', 'param_5': 'm', 'nspname_1': 'pg_catalog'} [in /home/crasleepish/miniconda3/envs/invest/lib/python3.10/site-packages/sqlalchemy/engine/base.py:1901]
2025-02-06 20:58:42,441 - sqlalchemy.engine.Engine - INFO - COMMIT [in /home/crasleepish/miniconda3/envs/invest/lib/python3.10/site-packages/sqlalchemy/engine/base.py:1140]
2025-02-06 20:58:42,451 - werkzeug - WARNING -  * Debugger is active! [in /home/crasleepish/miniconda3/envs/invest/lib/python3.10/site-packages/werkzeug/_internal.py:97]
2025-02-06 20:58:42,451 - werkzeug - INFO -  * Debugger PIN: 100-316-909 [in /home/crasleepish/miniconda3/envs/invest/lib/python3.10/site-packages/werkzeug/_internal.py:97]
2025-02-06 20:59:06,241 - app.routes - DEBUG - calling - /list [in /mnt/c/Users/cyxy2/dev/PythonProgram/shennong_proj/app/routes.py:15]
2025-02-06 20:59:06,242 - sqlalchemy.engine.Engine - INFO - BEGIN (implicit) [in /home/crasleepish/miniconda3/envs/invest/lib/python3.10/site-packages/sqlalchemy/engine/base.py:1097]
2025-02-06 20:59:06,244 - sqlalchemy.engine.Engine - INFO - SELECT users.id AS users_id, users.username AS users_username, users.email AS users_email 
FROM users 
 LIMIT %(param_1)s OFFSET %(param_2)s [in /home/crasleepish/miniconda3/envs/invest/lib/python3.10/site-packages/sqlalchemy/engine/base.py:1896]
2025-02-06 20:59:06,244 - sqlalchemy.engine.Engine - INFO - [generated in 0.00027s] {'param_1': 100, 'param_2': 0} [in /home/crasleepish/miniconda3/envs/invest/lib/python3.10/site-packages/sqlalchemy/engine/base.py:1901]
2025-02-06 20:59:06,246 - sqlalchemy.engine.Engine - INFO - COMMIT [in /home/crasleepish/miniconda3/envs/invest/lib/python3.10/site-packages/sqlalchemy/engine/base.py:1140]
2025-02-06 20:59:06,247 - werkzeug - INFO - 127.0.0.1 - - [06/Feb/2025 20:59:06] "GET /users/list HTTP/1.1" 200 - [in /home/crasleepish/miniconda3/envs/invest/lib/python3.10/site-packages/werkzeug/_internal.py:97]
